Removed Pin From Net: NetName=NetD?_A Pin=D?-A
Removed Pin From Net: NetName=+5V Pin=J?-1
Removed Pin From Net: NetName=NetJ?_2 Pin=J?-2
Removed Pin From Net: NetName=NetJ?_3 Pin=J?-3
Removed Pin From Net: NetName=GND Pin=J?-4
Removed Pin From Net: NetName=GND Pin=J?-A1B12
Removed Pin From Net: NetName=+5V Pin=J?-A4B9
Removed Pin From Net: NetName=NetJ?_A5 Pin=J?-A5
Removed Pin From Net: NetName=PA12 Pin=J?-A6
Removed Pin From Net: NetName=PA11 Pin=J?-A7
Removed Pin From Net: NetName=GND Pin=J?-B1A12
Removed Pin From Net: NetName=+5V Pin=J?-B4A9
Removed Pin From Net: NetName=NetJ?_B5 Pin=J?-B5
Removed Pin From Net: NetName=PA12 Pin=J?-B6
Removed Pin From Net: NetName=PA11 Pin=J?-B7
Removed Pin From Net: NetName=GND Pin=J?-SH
Removed Pin From Net: NetName=GND Pin=J?-SH
Removed Pin From Net: NetName=RESET Pin=R?-1
Removed Pin From Net: NetName=SIM-LIGHT Pin=R?-2
Removed Pin From Net: NetName=GND Pin=U?-2
Removed Pin From Net: NetName=+5V Pin=U?-3
Removed Pin From Net: NetName=NetR?_1 Pin=U?-4
Change Component Footprint: Designator=J? Old Footprint=lan New Footprint=TYPE-C-31-M-12
Change Component Comment : Designator=J? Old Comment=93463-5206 New Comment=TYPE-C-31-M-12
Change Component Comment : Designator=U? Old Comment=LM7805 New Comment=tps5430-DIS
Change Component Comment : Designator=J? Old Comment=TYPE-C-31-M-12 New Comment=93463-5206
Change component parameters: Designator = "J?" ("J?"); Footprint = "TYPE-C-31-M-12"; UniqueID = "\CYPJFGSU" ("\CYPJFGSU")
Change component parameters (AddParameter): Name = "Manufacturer"; Value = "Molex"; VariantName = "[No Variations]"
Change component parameters (AddParameter): Name = "Manufacturer Part Number"; Value = "93463-5206"; VariantName = "[No Variations]"
Change component parameters: Designator = "J?" ("J?"); Footprint = "lan"; UniqueID = "\KUQOWLVA" ("\KUQOWLVA")
Change component parameters (AddParameter): Name = "Manufacturer"; Value = "Koren Hroparts"; VariantName = "[No Variations]"
Change component parameters (AddParameter): Name = "Manufacturer Part Number"; Value = "TYPE-C-31-M-12"; VariantName = "[No Variations]"
Change component parameters: Designator = "U?" ("u?"); Footprint = "TO252 DPAK"; UniqueID = "\ZYIQPLQY" ("\ZYIQPLQY")
Added Component: Designator=C?(CAP_0805)
Add component (AddParameter): Name = "Dielectric"; Value = ""; VariantName = "[No Variations]"
Add component (AddParameter): Name = "Distributor Link"; Value = ""; VariantName = "[No Variations]"
Add component (AddParameter): Name = "LCSC"; Value = ""; VariantName = "[No Variations]"
Add component (AddParameter): Name = "Manufacturer"; Value = ""; VariantName = "[No Variations]"
Add component (AddParameter): Name = "Manufacturer Part Number"; Value = ""; VariantName = "[No Variations]"
Add component (AddParameter): Name = "Rating"; Value = ""; VariantName = "[No Variations]"
Added Component: Designator=C?(CAP_0805)
Add component (AddParameter): Name = "Dielectric"; Value = ""; VariantName = "[No Variations]"
Add component (AddParameter): Name = "Distributor Link"; Value = ""; VariantName = "[No Variations]"
Add component (AddParameter): Name = "LCSC"; Value = ""; VariantName = "[No Variations]"
Add component (AddParameter): Name = "Manufacturer"; Value = ""; VariantName = "[No Variations]"
Add component (AddParameter): Name = "Manufacturer Part Number"; Value = ""; VariantName = "[No Variations]"
Add component (AddParameter): Name = "Rating"; Value = ""; VariantName = "[No Variations]"
Added Component: Designator=C?(CAP_0805)
Add component (AddParameter): Name = "Dielectric"; Value = ""; VariantName = "[No Variations]"
Add component (AddParameter): Name = "Distributor Link"; Value = ""; VariantName = "[No Variations]"
Add component (AddParameter): Name = "LCSC"; Value = ""; VariantName = "[No Variations]"
Add component (AddParameter): Name = "Manufacturer"; Value = ""; VariantName = "[No Variations]"
Add component (AddParameter): Name = "Manufacturer Part Number"; Value = ""; VariantName = "[No Variations]"
Add component (AddParameter): Name = "Rating"; Value = ""; VariantName = "[No Variations]"
Added Component: Designator=C?(CAP_0805)
Add component (AddParameter): Name = "Dielectric"; Value = ""; VariantName = "[No Variations]"
Add component (AddParameter): Name = "Distributor Link"; Value = ""; VariantName = "[No Variations]"
Add component (AddParameter): Name = "LCSC"; Value = ""; VariantName = "[No Variations]"
Add component (AddParameter): Name = "Manufacturer"; Value = ""; VariantName = "[No Variations]"
Add component (AddParameter): Name = "Manufacturer Part Number"; Value = ""; VariantName = "[No Variations]"
Add component (AddParameter): Name = "Rating"; Value = ""; VariantName = "[No Variations]"
Added Component: Designator=C?(CAP_0805)
Add component (AddParameter): Name = "Dielectric"; Value = ""; VariantName = "[No Variations]"
Add component (AddParameter): Name = "Distributor Link"; Value = ""; VariantName = "[No Variations]"
Add component (AddParameter): Name = "LCSC"; Value = ""; VariantName = "[No Variations]"
Add component (AddParameter): Name = "Manufacturer"; Value = ""; VariantName = "[No Variations]"
Add component (AddParameter): Name = "Manufacturer Part Number"; Value = ""; VariantName = "[No Variations]"
Add component (AddParameter): Name = "Rating"; Value = ""; VariantName = "[No Variations]"
Added Component: Designator=R?(RES_0805)
Add component (AddParameter): Name = "Distributor Link"; Value = ""; VariantName = "[No Variations]"
Add component (AddParameter): Name = "LCSC"; Value = ""; VariantName = "[No Variations]"
Add component (AddParameter): Name = "Manufacturer"; Value = ""; VariantName = "[No Variations]"
Add component (AddParameter): Name = "Manufacturer Part Number"; Value = ""; VariantName = "[No Variations]"
Added Component: Designator=R?(RES_0805)
Add component (AddParameter): Name = "Distributor Link"; Value = ""; VariantName = "[No Variations]"
Add component (AddParameter): Name = "LCSC"; Value = ""; VariantName = "[No Variations]"
Add component (AddParameter): Name = "Manufacturer"; Value = ""; VariantName = "[No Variations]"
Add component (AddParameter): Name = "Manufacturer Part Number"; Value = ""; VariantName = "[No Variations]"
Added Component: Designator=R?(RES_0805)
Add component (AddParameter): Name = "Distributor Link"; Value = ""; VariantName = "[No Variations]"
Add component (AddParameter): Name = "LCSC"; Value = ""; VariantName = "[No Variations]"
Add component (AddParameter): Name = "Manufacturer"; Value = ""; VariantName = "[No Variations]"
Add component (AddParameter): Name = "Manufacturer Part Number"; Value = ""; VariantName = "[No Variations]"
Added Component: Designator=R?(RES_0805)
Add component (AddParameter): Name = "Distributor Link"; Value = ""; VariantName = "[No Variations]"
Add component (AddParameter): Name = "LCSC"; Value = ""; VariantName = "[No Variations]"
Add component (AddParameter): Name = "Manufacturer"; Value = ""; VariantName = "[No Variations]"
Add component (AddParameter): Name = "Manufacturer Part Number"; Value = ""; VariantName = "[No Variations]"
Added Component: Designator=R?(RES_0805)
Add component (AddParameter): Name = "Distributor Link"; Value = ""; VariantName = "[No Variations]"
Add component (AddParameter): Name = "LCSC"; Value = ""; VariantName = "[No Variations]"
Add component (AddParameter): Name = "Manufacturer"; Value = ""; VariantName = "[No Variations]"
Add component (AddParameter): Name = "Manufacturer Part Number"; Value = ""; VariantName = "[No Variations]"
Added Component: Designator=R?(RES_0805)
Add component (AddParameter): Name = "Distributor Link"; Value = ""; VariantName = "[No Variations]"
Add component (AddParameter): Name = "LCSC"; Value = ""; VariantName = "[No Variations]"
Add component (AddParameter): Name = "Manufacturer"; Value = ""; VariantName = "[No Variations]"
Add component (AddParameter): Name = "Manufacturer Part Number"; Value = ""; VariantName = "[No Variations]"
Added Component: Designator=R?(RES_0805)
Add component (AddParameter): Name = "Distributor Link"; Value = ""; VariantName = "[No Variations]"
Add component (AddParameter): Name = "LCSC"; Value = ""; VariantName = "[No Variations]"
Add component (AddParameter): Name = "Manufacturer"; Value = ""; VariantName = "[No Variations]"
Add component (AddParameter): Name = "Manufacturer Part Number"; Value = ""; VariantName = "[No Variations]"
Added Component: Designator=R?(RES_0805)
Add component (AddParameter): Name = "Distributor Link"; Value = ""; VariantName = "[No Variations]"
Add component (AddParameter): Name = "LCSC"; Value = ""; VariantName = "[No Variations]"
Add component (AddParameter): Name = "Manufacturer"; Value = ""; VariantName = "[No Variations]"
Add component (AddParameter): Name = "Manufacturer Part Number"; Value = ""; VariantName = "[No Variations]"
Added Component: Designator=R?(RES_0805)
Add component (AddParameter): Name = "Distributor Link"; Value = ""; VariantName = "[No Variations]"
Add component (AddParameter): Name = "LCSC"; Value = ""; VariantName = "[No Variations]"
Add component (AddParameter): Name = "Manufacturer"; Value = ""; VariantName = "[No Variations]"
Add component (AddParameter): Name = "Manufacturer Part Number"; Value = ""; VariantName = "[No Variations]"
Added Component: Designator=R?(RES_0805)
Add component (AddParameter): Name = "Distributor Link"; Value = ""; VariantName = "[No Variations]"
Add component (AddParameter): Name = "LCSC"; Value = ""; VariantName = "[No Variations]"
Add component (AddParameter): Name = "Manufacturer"; Value = ""; VariantName = "[No Variations]"
Add component (AddParameter): Name = "Manufacturer Part Number"; Value = ""; VariantName = "[No Variations]"
Added Component: Designator=R?(RES_0805)
Add component (AddParameter): Name = "Distributor Link"; Value = ""; VariantName = "[No Variations]"
Add component (AddParameter): Name = "LCSC"; Value = ""; VariantName = "[No Variations]"
Add component (AddParameter): Name = "Manufacturer"; Value = ""; VariantName = "[No Variations]"
Add component (AddParameter): Name = "Manufacturer Part Number"; Value = ""; VariantName = "[No Variations]"
Added Component: Designator=R?(RES_0805)
Add component (AddParameter): Name = "Distributor Link"; Value = ""; VariantName = "[No Variations]"
Add component (AddParameter): Name = "LCSC"; Value = ""; VariantName = "[No Variations]"
Add component (AddParameter): Name = "Manufacturer"; Value = ""; VariantName = "[No Variations]"
Add component (AddParameter): Name = "Manufacturer Part Number"; Value = ""; VariantName = "[No Variations]"
Added Component: Designator=R?(RES_0805)
Add component (AddParameter): Name = "Distributor Link"; Value = ""; VariantName = "[No Variations]"
Add component (AddParameter): Name = "LCSC"; Value = ""; VariantName = "[No Variations]"
Add component (AddParameter): Name = "Manufacturer"; Value = ""; VariantName = "[No Variations]"
Add component (AddParameter): Name = "Manufacturer Part Number"; Value = ""; VariantName = "[No Variations]"
Added Component: Designator=R?(RES_0805)
Add component (AddParameter): Name = "Distributor Link"; Value = ""; VariantName = "[No Variations]"
Add component (AddParameter): Name = "LCSC"; Value = ""; VariantName = "[No Variations]"
Add component (AddParameter): Name = "Manufacturer"; Value = ""; VariantName = "[No Variations]"
Add component (AddParameter): Name = "Manufacturer Part Number"; Value = ""; VariantName = "[No Variations]"
Added Component: Designator=R?(RES_0805)
Add component (AddParameter): Name = "Distributor Link"; Value = ""; VariantName = "[No Variations]"
Add component (AddParameter): Name = "LCSC"; Value = ""; VariantName = "[No Variations]"
Add component (AddParameter): Name = "Manufacturer"; Value = ""; VariantName = "[No Variations]"
Add component (AddParameter): Name = "Manufacturer Part Number"; Value = ""; VariantName = "[No Variations]"
Added Component: Designator=R?(RES_0805)
Add component (AddParameter): Name = "Distributor Link"; Value = ""; VariantName = "[No Variations]"
Add component (AddParameter): Name = "LCSC"; Value = ""; VariantName = "[No Variations]"
Add component (AddParameter): Name = "Manufacturer"; Value = ""; VariantName = "[No Variations]"
Add component (AddParameter): Name = "Manufacturer Part Number"; Value = ""; VariantName = "[No Variations]"
Added Component: Designator=R?(RES_0805)
Add component (AddParameter): Name = "Distributor Link"; Value = ""; VariantName = "[No Variations]"
Add component (AddParameter): Name = "LCSC"; Value = ""; VariantName = "[No Variations]"
Add component (AddParameter): Name = "Manufacturer"; Value = ""; VariantName = "[No Variations]"
Add component (AddParameter): Name = "Manufacturer Part Number"; Value = ""; VariantName = "[No Variations]"
Added Component: Designator=R?(RES_0805)
Add component (AddParameter): Name = "Distributor Link"; Value = ""; VariantName = "[No Variations]"
Add component (AddParameter): Name = "LCSC"; Value = ""; VariantName = "[No Variations]"
Add component (AddParameter): Name = "Manufacturer"; Value = ""; VariantName = "[No Variations]"
Add component (AddParameter): Name = "Manufacturer Part Number"; Value = ""; VariantName = "[No Variations]"
Added Component: Designator=R?(RES_0805)
Add component (AddParameter): Name = "Distributor Link"; Value = ""; VariantName = "[No Variations]"
Add component (AddParameter): Name = "LCSC"; Value = ""; VariantName = "[No Variations]"
Add component (AddParameter): Name = "Manufacturer"; Value = ""; VariantName = "[No Variations]"
Add component (AddParameter): Name = "Manufacturer Part Number"; Value = ""; VariantName = "[No Variations]"
Added Component: Designator=R?(RES_0805)
Add component (AddParameter): Name = "Distributor Link"; Value = ""; VariantName = "[No Variations]"
Add component (AddParameter): Name = "LCSC"; Value = ""; VariantName = "[No Variations]"
Add component (AddParameter): Name = "Manufacturer"; Value = ""; VariantName = "[No Variations]"
Add component (AddParameter): Name = "Manufacturer Part Number"; Value = ""; VariantName = "[No Variations]"
Added Component: Designator=R?(RES_0805)
Add component (AddParameter): Name = "Distributor Link"; Value = ""; VariantName = "[No Variations]"
Add component (AddParameter): Name = "LCSC"; Value = ""; VariantName = "[No Variations]"
Add component (AddParameter): Name = "Manufacturer"; Value = ""; VariantName = "[No Variations]"
Add component (AddParameter): Name = "Manufacturer Part Number"; Value = ""; VariantName = "[No Variations]"
Added Component: Designator=R?(RES_0805)
Add component (AddParameter): Name = "Distributor Link"; Value = ""; VariantName = "[No Variations]"
Add component (AddParameter): Name = "LCSC"; Value = ""; VariantName = "[No Variations]"
Add component (AddParameter): Name = "Manufacturer"; Value = ""; VariantName = "[No Variations]"
Add component (AddParameter): Name = "Manufacturer Part Number"; Value = ""; VariantName = "[No Variations]"
Added Component: Designator=U?(w5500)
Add component (AddParameter): Name = "Availability"; Value = "Unavailable"; VariantName = "[No Variations]"
Add component (AddParameter): Name = "MF"; Value = ""; VariantName = "[No Variations]"
Add component (AddParameter): Name = "MP"; Value = "W5500"; VariantName = "[No Variations]"
Add component (AddParameter): Name = "Package"; Value = "None"; VariantName = "[No Variations]"
Add component (AddParameter): Name = "Price"; Value = "None"; VariantName = "[No Variations]"
Add component (AddParameter): Name = "Value"; Value = ""; VariantName = "[No Variations]"
Added Component: Designator=Y?(Thach Anh 2 chan SMD)
Add component (AddParameter): Name = "Value"; Value = "4Mhz"; VariantName = "[No Variations]"
Added Pin To Net: NetName=+3.3V Pin=C?-1
Added Pin To Net: NetName=+3.3V Pin=C?-1
Added Pin To Net: NetName=+3.3V Pin=C?-1
Added Pin To Net: NetName=+3.3V Pin=C?-1
Added Pin To Net: NetName=+3.3V Pin=C?-1
Added Pin To Net: NetName=+3.8V Pin=C?-1
Added Pin To Net: NetName=+3.8V Pin=C?-1
Added Pin To Net: NetName=+3.8V Pin=C?-1
Added Pin To Net: NetName=+3.8V Pin=C?-1
Added Pin To Net: NetName=+12V Pin=C?-1
Added Pin To Net: NetName=+12V Pin=C?-1
Added Pin To Net: NetName=+12V Pin=C?-1
Added Pin To Net: NetName=+12V Pin=C?-1
Added Pin To Net: NetName=+12V Pin=C?-1
Added Pin To Net: NetName=GND Pin=C?-1
Added Pin To Net: NetName=GND Pin=C?-1
Added Pin To Net: NetName=GND Pin=C?-1
Added Pin To Net: NetName=GND Pin=C?-1
Added Pin To Net: NetName=Net*_5 Pin=C?-1
Added Pin To Net: NetName=Net*_17 Pin=C?-1
Added Pin To Net: NetName=Net*_18 Pin=C?-1
Added Pin To Net: NetName=Net*_19 Pin=C?-1
Added Pin To Net: NetName=Net*_38 Pin=C?-1
Added Pin To Net: NetName=Net*_79 Pin=C?-1
Added Pin To Net: NetName=NetC?_1 Pin=C?-1
Added Pin To Net: NetName=RESET Pin=C?-1
Added Pin To Net: NetName=1.8V Pin=C?-2
Added Pin To Net: NetName=+3.3V Pin=C?-2
Added Pin To Net: NetName=GND Pin=C?-2
Added Pin To Net: NetName=GND Pin=C?-2
Added Pin To Net: NetName=GND Pin=C?-2
Added Pin To Net: NetName=GND Pin=C?-2
Added Pin To Net: NetName=GND Pin=C?-2
Added Pin To Net: NetName=GND Pin=C?-2
Added Pin To Net: NetName=GND Pin=C?-2
Added Pin To Net: NetName=GND Pin=C?-2
Added Pin To Net: NetName=GND Pin=C?-2
Added Pin To Net: NetName=GND Pin=C?-2
Added Pin To Net: NetName=GND Pin=C?-2
Added Pin To Net: NetName=GND Pin=C?-2
Added Pin To Net: NetName=GND Pin=C?-2
Added Pin To Net: NetName=GND Pin=C?-2
Added Pin To Net: NetName=GND Pin=C?-2
Added Pin To Net: NetName=GND Pin=C?-2
Added Pin To Net: NetName=GND Pin=C?-2
Added Pin To Net: NetName=GND Pin=C?-2
Added Pin To Net: NetName=GND Pin=C?-2
Added Pin To Net: NetName=GND Pin=C?-2
Added Pin To Net: NetName=GND Pin=C?-2
Added Pin To Net: NetName=GND Pin=C?-2
Added Pin To Net: NetName=GND Pin=C?-2
Added Pin To Net: NetName=GND Pin=C?-2
Added Pin To Net: NetName=GND Pin=C?-2
Added Pin To Net: NetName=GND Pin=C?-2
Added Pin To Net: NetName=GND Pin=C?-2
Added Pin To Net: NetName=GND Pin=C?-2
Added Pin To Net: NetName=Net*?_1 Pin=C?-2
Added Pin To Net: NetName=NetC?_2 Pin=C?-2
Added Pin To Net: NetName=OSCOUT Pin=C?-2
Added Pin To Net: NetName=GND Pin=D?-A
Added Pin To Net: NetName=GND Pin=D?-A
Added Pin To Net: NetName=NetD?_A Pin=D?-A
Added Pin To Net: NetName=GND Pin=J?-A1B12
Added Pin To Net: NetName=+5V Pin=J?-A4B9
Added Pin To Net: NetName=NetJ?_A5 Pin=J?-A5
Added Pin To Net: NetName=PA12 Pin=J?-A6
Added Pin To Net: NetName=PA11 Pin=J?-A7
Added Pin To Net: NetName=GND Pin=J?-B1A12
Added Pin To Net: NetName=+5V Pin=J?-B4A9
Added Pin To Net: NetName=NetJ?_B5 Pin=J?-B5
Added Pin To Net: NetName=PA12 Pin=J?-B6
Added Pin To Net: NetName=PA11 Pin=J?-B7
Added Pin To Net: NetName=GND Pin=J?-SH
Added Pin To Net: NetName=GND Pin=J?-SH
Added Pin To Net: NetName=GND Pin=J?-SH
Added Pin To Net: NetName=GND Pin=J?-SH
Added Pin To Net: NetName=GND Pin=Q?-2
Added Pin To Net: NetName=GND Pin=Q?-2
Added Pin To Net: NetName=GND Pin=Q?-2
Added Pin To Net: NetName=GND Pin=Q?-2
Added Pin To Net: NetName=GND Pin=Q?-2
Added Pin To Net: NetName=GND Pin=Q?-2
Added Pin To Net: NetName=NetC?_2 Pin=Q?-3
Added Pin To Net: NetName=1.8V Pin=R?-1
Added Pin To Net: NetName=+3.3V Pin=R?-1
Added Pin To Net: NetName=+3.3V Pin=R?-1
Added Pin To Net: NetName=+3.3V Pin=R?-1
Added Pin To Net: NetName=+3.3V Pin=R?-1
Added Pin To Net: NetName=BOOT1 Pin=R?-1
Added Pin To Net: NetName=GND Pin=R?-1
Added Pin To Net: NetName=GND Pin=R?-1
Added Pin To Net: NetName=GND Pin=R?-1
Added Pin To Net: NetName=GND Pin=R?-1
Added Pin To Net: NetName=GND Pin=R?-1
Added Pin To Net: NetName=GND Pin=R?-1
Added Pin To Net: NetName=GND Pin=R?-1
Added Pin To Net: NetName=GND Pin=R?-1
Added Pin To Net: NetName=GND Pin=R?-1
Added Pin To Net: NetName=GND Pin=R?-1
Added Pin To Net: NetName=GND Pin=R?-1
Added Pin To Net: NetName=GND Pin=R?-1
Added Pin To Net: NetName=GND Pin=R?-1
Added Pin To Net: NetName=GND Pin=R?-1
Added Pin To Net: NetName=GND Pin=R?-1
Added Pin To Net: NetName=Net*_1 Pin=R?-1
Added Pin To Net: NetName=Net*_17 Pin=R?-1
Added Pin To Net: NetName=Net*_18 Pin=R?-1
Added Pin To Net: NetName=Net*_19 Pin=R?-1
Added Pin To Net: NetName=Net*_59 Pin=R?-1
Added Pin To Net: NetName=Net*_85 Pin=R?-1
Added Pin To Net: NetName=NetJP?_2 Pin=R?-1
Added Pin To Net: NetName=NetL?_1 Pin=R?-1
Added Pin To Net: NetName=NetQ?_1 Pin=R?-1
Added Pin To Net: NetName=NetQ?_3 Pin=R?-1
Added Pin To Net: NetName=NetR?_1 Pin=R?-1
Added Pin To Net: NetName=RELAY Pin=R?-1
Added Pin To Net: NetName=RELAY Pin=R?-1
Added Pin To Net: NetName=RELAY Pin=R?-1
Added Pin To Net: NetName=RELAY Pin=R?-1
Added Pin To Net: NetName=RELAY Pin=R?-1
Added Pin To Net: NetName=RELAY Pin=R?-1
Added Pin To Net: NetName=RESET Pin=R?-1
Added Pin To Net: NetName=+3.3V Pin=R?-2
Added Pin To Net: NetName=+3.3V Pin=R?-2
Added Pin To Net: NetName=+3.3V Pin=R?-2
Added Pin To Net: NetName=+3.3V Pin=R?-2
Added Pin To Net: NetName=+3.3V Pin=R?-2
Added Pin To Net: NetName=+3.3V Pin=R?-2
Added Pin To Net: NetName=+3.3V Pin=R?-2
Added Pin To Net: NetName=+3.3V Pin=R?-2
Added Pin To Net: NetName=+3.3V Pin=R?-2
Added Pin To Net: NetName=+3.3V Pin=R?-2
Added Pin To Net: NetName=+3.3V Pin=R?-2
Added Pin To Net: NetName=+3.3V Pin=R?-2
Added Pin To Net: NetName=+3.8V Pin=R?-2
Added Pin To Net: NetName=+3.8V Pin=R?-2
Added Pin To Net: NetName=GND Pin=R?-2
Added Pin To Net: NetName=GND Pin=R?-2
Added Pin To Net: NetName=Net*_1 Pin=R?-2
Added Pin To Net: NetName=Net*_4 Pin=R?-2
Added Pin To Net: NetName=NetJ?_2 Pin=R?-2
Added Pin To Net: NetName=NetJ?_3 Pin=R?-2
Added Pin To Net: NetName=NetJ?_A5 Pin=R?-2
Added Pin To Net: NetName=NetJ?_B5 Pin=R?-2
Added Pin To Net: NetName=NetJ?_C2 Pin=R?-2
Added Pin To Net: NetName=NetJP?_5 Pin=R?-2
Added Pin To Net: NetName=NetL?_2 Pin=R?-2
Added Pin To Net: NetName=NetQ?_1 Pin=R?-2
Added Pin To Net: NetName=NetR?_1 Pin=R?-2
Added Pin To Net: NetName=NetR?_2 Pin=R?-2
Added Pin To Net: NetName=OSCOUT Pin=R?-2
Added Pin To Net: NetName=SIM-LIGHT Pin=R?-2
Added Pin To Net: NetName=NetJ?_2 Pin=U?-1
Added Pin To Net: NetName=GND Pin=U?-3
Added Pin To Net: NetName=+3.3V Pin=U?-4
Added Pin To Net: NetName=NetC?_1 Pin=U?-4
Added Pin To Net: NetName=NetR?_1 Pin=U?-4
Added Pin To Net: NetName=GND Pin=U?-6
Added Pin To Net: NetName=NetJ?_3 Pin=U?-6
Added Pin To Net: NetName=+12V Pin=U?-7
Added Pin To Net: NetName=+3.3V Pin=U?-8
Added Pin To Net: NetName=GND Pin=U?-9
Added Pin To Net: NetName=GND Pin=U?-9
Added Pin To Net: NetName=+3.3V Pin=U?-11
Added Pin To Net: NetName=GND Pin=U?-14
Added Pin To Net: NetName=+3.3V Pin=U?-15
Added Pin To Net: NetName=GND Pin=U?-16
Added Pin To Net: NetName=+3.3V Pin=U?-17
Added Pin To Net: NetName=GND Pin=U?-19
Added Pin To Net: NetName=+3.3V Pin=U?-21
Added Pin To Net: NetName=+3.3V Pin=U?-28
Added Pin To Net: NetName=GND Pin=U?-29
Added Pin To Net: NetName=GND Pin=U?-48
Added Pin To Net: NetName=CS-ETH Pin=R?-1
Added Pin To Net: NetName=CS-ETH Pin=U?-32
Added Net: Name=CS-ETH
Added Pin To Net: NetName=LED-ACT Pin=U?-27
Added Net: Name=LED-ACT
Added Pin To Net: NetName=LED-LINK Pin=U?-25
Added Net: Name=LED-LINK
Added Pin To Net: NetName=MISO-ETH Pin=U?-34
Added Net: Name=MISO-ETH
Added Pin To Net: NetName=MOSI-ETH Pin=U?-35
Added Net: Name=MOSI-ETH
Added Pin To Net: NetName=NetJ?_1 Pin=R?-2
Added Pin To Net: NetName=NetJ?_1 Pin=U?-2
Added Net: Name=NetJ?_1
Added Pin To Net: NetName=NetJ?_6 Pin=R?-2
Added Pin To Net: NetName=NetJ?_6 Pin=U?-5
Added Net: Name=NetJ?_6
Added Pin To Net: NetName=NetJ?_9 Pin=R?-1
Added Net: Name=NetJ?_9
Added Pin To Net: NetName=NetJ?_11 Pin=R?-1
Added Net: Name=NetJ?_11
Added Pin To Net: NetName=PMODE0 Pin=R?-1
Added Pin To Net: NetName=PMODE0 Pin=R?-2
Added Pin To Net: NetName=PMODE0 Pin=U?-45
Added Net: Name=PMODE0
Added Pin To Net: NetName=PMODE1 Pin=R?-1
Added Pin To Net: NetName=PMODE1 Pin=R?-2
Added Pin To Net: NetName=PMODE1 Pin=U?-44
Added Net: Name=PMODE1
Added Pin To Net: NetName=PMODE2 Pin=R?-1
Added Pin To Net: NetName=PMODE2 Pin=R?-2
Added Pin To Net: NetName=PMODE2 Pin=U?-43
Added Net: Name=PMODE2
Added Pin To Net: NetName=SCLK-ETH Pin=U?-33
Added Net: Name=SCLK-ETH
Added Member To Class: ClassName=Sheet1 Member=Component * IND-0805
Added Member To Class: ClassName=Sheet1 Member=Component * TPD4E001
Added Member To Class: ClassName=Sheet1 Member=Component * IND-0805
Added Member To Class: ClassName=Sheet1 Member=Component * SIM760x
Added Member To Class: ClassName=Sheet1 Member=Component * ANT
Added Member To Class: ClassName=Sheet1 Member=Component C? 10nF
Added Member To Class: ClassName=Sheet1 Member=Component C? 10nF
Added Member To Class: ClassName=Sheet1 Member=Component C? 10nF
Added Member To Class: ClassName=Sheet1 Member=Component C? C0805
Added Member To Class: ClassName=Sheet1 Member=Component C? 100uF
Added Member To Class: ClassName=Sheet1 Member=Component C? 10nF
Added Member To Class: ClassName=Sheet1 Member=Component C? 10nF
Added Member To Class: ClassName=Sheet1 Member=Component C? 0.01uF
Added Member To Class: ClassName=Sheet1 Member=Component C? 100uF
Added Member To Class: ClassName=Sheet1 Member=Component C? C0805
Added Member To Class: ClassName=Sheet1 Member=Component C? 0.01uF
Added Member To Class: ClassName=Sheet1 Member=Component C? 0.01uF
Added Member To Class: ClassName=Sheet1 Member=Component C? 100uF
Added Member To Class: ClassName=Sheet1 Member=Component C? 100uF
Added Member To Class: ClassName=Sheet1 Member=Component C? 2.2nF
Added Member To Class: ClassName=Sheet1 Member=Component C? 10nF
Added Member To Class: ClassName=Sheet1 Member=Component C? 10nF
Added Member To Class: ClassName=Sheet1 Member=Component C? 100uF
Added Member To Class: ClassName=Sheet1 Member=Component C? 100uF
Added Member To Class: ClassName=Sheet1 Member=Component C? 2.2nF
Added Member To Class: ClassName=Sheet1 Member=Component C? C0805
Added Member To Class: ClassName=Sheet1 Member=Component C? C0805
Added Member To Class: ClassName=Sheet1 Member=Component C? C0805
Added Member To Class: ClassName=Sheet1 Member=Component C? 0.01uF
Added Member To Class: ClassName=Sheet1 Member=Component C? 100uF
Added Member To Class: ClassName=Sheet1 Member=Component C? 0.01uF
Added Member To Class: ClassName=Sheet1 Member=Component C? 10nF
Added Member To Class: ClassName=Sheet1 Member=Component C? 100uF
Added Member To Class: ClassName=Sheet1 Member=Component C? 0.01uF
Added Member To Class: ClassName=Sheet1 Member=Component C? 0.01uF
Added Member To Class: ClassName=Sheet1 Member=Component C? 470uF
Added Member To Class: ClassName=Sheet1 Member=Component C? 0.01uF
Added Member To Class: ClassName=Sheet1 Member=Component C? 0.01uF
Added Member To Class: ClassName=Sheet1 Member=Component C? 470uF
Added Member To Class: ClassName=Sheet1 Member=Component C? 0.01uF
Added Member To Class: ClassName=Sheet1 Member=Component C? 10nF
Added Member To Class: ClassName=Sheet1 Member=Component C? 10nF
Added Member To Class: ClassName=Sheet1 Member=Component C? 10nF
Added Member To Class: ClassName=Sheet1 Member=Component C? 470uF
Added Member To Class: ClassName=Sheet1 Member=Component C? 1000uF
Added Member To Class: ClassName=Sheet1 Member=Component C? 100uF
Added Member To Class: ClassName=Sheet1 Member=Component C? 10nF
Added Member To Class: ClassName=Sheet1 Member=Component C? 100uF
Added Member To Class: ClassName=Sheet1 Member=Component C? 0.01uF
Added Member To Class: ClassName=Sheet1 Member=Component C? 470uF
Added Member To Class: ClassName=Sheet1 Member=Component D? B340A
Added Member To Class: ClassName=Sheet1 Member=Component D? B340A
Added Member To Class: ClassName=Sheet1 Member=Component D? D_SMA
Added Member To Class: ClassName=Sheet1 Member=Component D? B340A
Added Member To Class: ClassName=Sheet1 Member=Component D? D_SMA
Added Member To Class: ClassName=Sheet1 Member=Component D? D_SMA
Added Member To Class: ClassName=Sheet1 Member=Component D? D_SMA
Added Member To Class: ClassName=Sheet1 Member=Component D? D_SMA
Added Member To Class: ClassName=Sheet1 Member=Component J? USB3100-30-A
Added Member To Class: ClassName=Sheet1 Member=Component J? TYPE-C-31-M-12
Added Member To Class: ClassName=Sheet1 Member=Component J? 78646-3001
Added Member To Class: ClassName=Sheet1 Member=Component JP? JP 2x3 2.54
Added Member To Class: ClassName=Sheet1 Member=Component Q? BC817
Added Member To Class: ClassName=Sheet1 Member=Component Q? NPN-SOT23
Added Member To Class: ClassName=Sheet1 Member=Component Q? BC817
Added Member To Class: ClassName=Sheet1 Member=Component Q? BC817
Added Member To Class: ClassName=Sheet1 Member=Component Q? BC817
Added Member To Class: ClassName=Sheet1 Member=Component Q? NPN-SOT23
Added Member To Class: ClassName=Sheet1 Member=Component Q? NPN-SOT23
Added Member To Class: ClassName=Sheet1 Member=Component Q? BC817
Added Member To Class: ClassName=Sheet1 Member=Component R? 1k
Added Member To Class: ClassName=Sheet1 Member=Component R? 5.9k
Added Member To Class: ClassName=Sheet1 Member=Component R? R0805
Added Member To Class: ClassName=Sheet1 Member=Component R? R0805
Added Member To Class: ClassName=Sheet1 Member=Component R? 1k
Added Member To Class: ClassName=Sheet1 Member=Component R? 1k
Added Member To Class: ClassName=Sheet1 Member=Component R? 1k
Added Member To Class: ClassName=Sheet1 Member=Component R? 10k
Added Member To Class: ClassName=Sheet1 Member=Component R? 1k
Added Member To Class: ClassName=Sheet1 Member=Component R? R0805
Added Member To Class: ClassName=Sheet1 Member=Component R? R0805
Added Member To Class: ClassName=Sheet1 Member=Component R? R0805
Added Member To Class: ClassName=Sheet1 Member=Component R? 1k
Added Member To Class: ClassName=Sheet1 Member=Component R? R0805
Added Member To Class: ClassName=Sheet1 Member=Component R? 1k
Added Member To Class: ClassName=Sheet1 Member=Component R? 10k
Added Member To Class: ClassName=Sheet1 Member=Component R? R0805
Added Member To Class: ClassName=Sheet1 Member=Component R? R0805
Added Member To Class: ClassName=Sheet1 Member=Component R? R0805
Added Member To Class: ClassName=Sheet1 Member=Component R? 1k
Added Member To Class: ClassName=Sheet1 Member=Component R? 1k
Added Member To Class: ClassName=Sheet1 Member=Component R? 10k
Added Member To Class: ClassName=Sheet1 Member=Component R? R0805
Added Member To Class: ClassName=Sheet1 Member=Component R? 10k
Added Member To Class: ClassName=Sheet1 Member=Component R? 470
Added Member To Class: ClassName=Sheet1 Member=Component R? R0805
Added Member To Class: ClassName=Sheet1 Member=Component R? 1k
Added Member To Class: ClassName=Sheet1 Member=Component R? 1k
Added Member To Class: ClassName=Sheet1 Member=Component R? R0805
Added Member To Class: ClassName=Sheet1 Member=Component R? R0805
Added Member To Class: ClassName=Sheet1 Member=Component R? 1k
Added Member To Class: ClassName=Sheet1 Member=Component R? R0805
Added Member To Class: ClassName=Sheet1 Member=Component R? R0805
Added Member To Class: ClassName=Sheet1 Member=Component R? 10k
Added Member To Class: ClassName=Sheet1 Member=Component R? 1k
Added Member To Class: ClassName=Sheet1 Member=Component R? 470
Added Member To Class: ClassName=Sheet1 Member=Component R? R0805
Added Member To Class: ClassName=Sheet1 Member=Component R? R0805
Added Member To Class: ClassName=Sheet1 Member=Component R? R0805
Added Member To Class: ClassName=Sheet1 Member=Component R? 1k
Added Member To Class: ClassName=Sheet1 Member=Component R? 1k
Added Member To Class: ClassName=Sheet1 Member=Component R? 10k
Added Member To Class: ClassName=Sheet1 Member=Component R? 1k
Added Member To Class: ClassName=Sheet1 Member=Component R? 1k
Added Member To Class: ClassName=Sheet1 Member=Component R? R0805
Added Member To Class: ClassName=Sheet1 Member=Component R? 1k
Added Member To Class: ClassName=Sheet1 Member=Component R? 5.9k
Added Member To Class: ClassName=Sheet1 Member=Component R? R0805
Added Member To Class: ClassName=Sheet1 Member=Component R? 10k
Added Member To Class: ClassName=Sheet1 Member=Component R? 470
Added Member To Class: ClassName=Sheet1 Member=Component R? 470
Added Member To Class: ClassName=Sheet1 Member=Component R? R0805
Added Member To Class: ClassName=Sheet1 Member=Component R? R0805
Added Member To Class: ClassName=Sheet1 Member=Component R? 1k
Added Member To Class: ClassName=Sheet1 Member=Component R? 1k
Added Member To Class: ClassName=Sheet1 Member=Component R? 10k
Added Member To Class: ClassName=Sheet1 Member=Component R? R0805
Added Member To Class: ClassName=Sheet1 Member=Component R? 470
Added Member To Class: ClassName=Sheet1 Member=Component R? 1k
Added Member To Class: ClassName=Sheet1 Member=Component R? 470
Added Member To Class: ClassName=Sheet1 Member=Component R? 1k
Added Member To Class: ClassName=Sheet1 Member=Component RL? RelayHF46
Added Member To Class: ClassName=Sheet1 Member=Component RL? RelayHF46
Added Member To Class: ClassName=Sheet1 Member=Component RL? RelayHF46
Added Member To Class: ClassName=Sheet1 Member=Component RL? RelayHF46
Added Member To Class: ClassName=Sheet1 Member=Component RL? RelayHF46
Added Member To Class: ClassName=Sheet1 Member=Component U? TXB0102DCUR
Added Member To Class: ClassName=Sheet1 Member=Component U? OPTO PC817 SMD
Added Member To Class: ClassName=Sheet1 Member=Component U? OPTO PC817 SMD
Added Member To Class: ClassName=Sheet1 Member=Component U? MAX3232
Added Member To Class: ClassName=Sheet1 Member=Component U? STM32F103C8T6-LQFP48
Added Member To Class: ClassName=Sheet1 Member=Component U? OPTO PC817 SMD
Added Member To Class: ClassName=Sheet1 Member=Component u? tps5430-DIS
Added Member To Class: ClassName=Sheet1 Member=Component U? OPTO PC817 SMD
Added Member To Class: ClassName=Sheet1 Member=Component U? OPTO PC817 SMD
Added Member To Class: ClassName=Sheet1 Member=Component U? W5500
Added Member To Class: ClassName=Sheet1 Member=Component U? ESP32-S3-WROOM-1-N4
Added Member To Class: ClassName=Sheet1 Member=Component U? OPTO PC817 SMD
Added Member To Class: ClassName=Sheet1 Member=Component Y? 16Mhz
Added Member To Class: ClassName=Sheet1 Member=Component Z? Diode  Zener
Added Room: Name=Sheet1
