Removed Pin From Net: NetName=NetR?_1 Pin=U?-4
Removed Pin From Net: NetName=GND Pin=U?-6
Change Component Footprint: Designator=J? Old Footprint=78646-3001 New Footprint=USB3100-30-A
Change Component Comment : Designator=J? Old Comment=78646-3001 New Comment=USB3100-30-A
Change component parameters: Designator = "J?" ("J?"); Footprint = "78646-3001"; UniqueID = "\JFPHOZRW" ("\JFPHOZRW")
Change component parameters (AddParameter): Name = "Manufacturer"; Value = "GCT"; VariantName = "[No Variations]"
Change component parameters (AddParameter): Name = "Manufacturer Part Number"; Value = "USB3100-30-A"; VariantName = "[No Variations]"
Added Component: Designator=*?(ANTENNA SMA-KHD)
Added Component: Designator=*(TSOT-26-6)
Added Component: Designator=*(INDUCTOR 0805)
Added Component: Designator=*(INDUCTOR 0805)
Added Component: Designator=*(ANTENNA SMA-KHD)
Added Component: Designator=J?(78646-3001)
Add component (AddParameter): Name = "Manufacturer"; Value = "Molex"; VariantName = "[No Variations]"
Add component (AddParameter): Name = "Manufacturer Part Number"; Value = "78646-3001"; VariantName = "[No Variations]"
Added Component: Designator=J?(lan)
Add component (AddParameter): Name = "Manufacturer"; Value = "Molex"; VariantName = "[No Variations]"
Add component (AddParameter): Name = "Manufacturer Part Number"; Value = "93463-5206"; VariantName = "[No Variations]"
Added Component: Designator=Q?(SOT23 - 3PIN)
Added Component: Designator=Q?(SOT23 - 3PIN)
Added Component: Designator=Q?(SOT23 - 3PIN)
Added Component: Designator=R?(0805 RESISTOR)
Add component (AddParameter): Name = "Category"; Value = "Resistors"; VariantName = "[No Variations]"
Add component (AddParameter): Name = "ComponentLink1Description"; Value = "http://www.vishay.com/docs/20035/dcrcwe3.pdf"; VariantName = "[No Variations]"
Add component (AddParameter): Name = "ComponentLink1URL"; Value = "http://www.vishay.com/docs/20035/dcrcwe3.pdf"; VariantName = "[No Variations]"
Add component (AddParameter): Name = "Composition"; Value = "Thick Film"; VariantName = "[No Variations]"
Add component (AddParameter): Name = "Features"; Value = "Automotive AEC-Q200"; VariantName = "[No Variations]"
Add component (AddParameter): Name = "Height"; Value = "0.016" (0.40mm)"; VariantName = "[No Variations]"
Add component (AddParameter): Name = "Manufacturer"; Value = "Vishay Dale"; VariantName = "[No Variations]"
Add component (AddParameter): Name = "Manufacturer Part Number"; Value = "CRCW040210K0FKED"; VariantName = "[No Variations]"
Add component (AddParameter): Name = "Number of Terminations"; Value = "2"; VariantName = "[No Variations]"
Add component (AddParameter): Name = "Operating Temperature"; Value = "-55°C ~ 155°C"; VariantName = "[No Variations]"
Add component (AddParameter): Name = "Package / Case"; Value = "0402 (1005 Metric)"; VariantName = "[No Variations]"
Add component (AddParameter): Name = "Packaging"; Value = "Cut Tape (CT)"; VariantName = "[No Variations]"
Add component (AddParameter): Name = "Power (Watts)"; Value = "0.063W, 1/16W"; VariantName = "[No Variations]"
Add component (AddParameter): Name = "Pricing 1"; Value = "10=0.083, 50=0.0444, 200=0.0255, 1000=0.0174 (USD)"; VariantName = "[No Variations]"
Add component (AddParameter): Name = "Resistance (Ohms)"; Value = "10k"; VariantName = "[No Variations]"
Add component (AddParameter): Name = "RoHS"; Value = "RoHS Compliant"; VariantName = "[No Variations]"
Add component (AddParameter): Name = "Size / Dimension"; Value = "0.039" L x 0.020" W (1.00mm x 0.50mm)"; VariantName = "[No Variations]"
Add component (AddParameter): Name = "Stock 1"; Value = "2392462"; VariantName = "[No Variations]"
Add component (AddParameter): Name = "Supplier 1"; Value = "Digi-Key"; VariantName = "[No Variations]"
Add component (AddParameter): Name = "Supplier Device Package"; Value = "0402 (1005 Metric)"; VariantName = "[No Variations]"
Add component (AddParameter): Name = "Supplier Part Number 1"; Value = "541-10.0KLCT-ND"; VariantName = "[No Variations]"
Add component (AddParameter): Name = "Temperature Coefficient"; Value = "±100ppm/°C"; VariantName = "[No Variations]"
Add component (AddParameter): Name = "Tolerance"; Value = "±1%"; VariantName = "[No Variations]"
Added Component: Designator=R?(RES_0805)
Add component (AddParameter): Name = "Distributor Link"; Value = ""; VariantName = "[No Variations]"
Add component (AddParameter): Name = "LCSC"; Value = ""; VariantName = "[No Variations]"
Add component (AddParameter): Name = "Manufacturer"; Value = ""; VariantName = "[No Variations]"
Add component (AddParameter): Name = "Manufacturer Part Number"; Value = ""; VariantName = "[No Variations]"
Added Component: Designator=R?(RES_0805)
Add component (AddParameter): Name = "Distributor Link"; Value = ""; VariantName = "[No Variations]"
Add component (AddParameter): Name = "LCSC"; Value = ""; VariantName = "[No Variations]"
Add component (AddParameter): Name = "Manufacturer"; Value = ""; VariantName = "[No Variations]"
Add component (AddParameter): Name = "Manufacturer Part Number"; Value = ""; VariantName = "[No Variations]"
Added Component: Designator=U?(txb0102)
Add component (AddParameter): Name = "Digi-Key_Part_Number"; Value = "296-22862-1-ND"; VariantName = "[No Variations]"
Add component (AddParameter): Name = "DigiKey-Purchase-URL"; Value = "https://snapeda.com/shop?store=DigiKey&id=350005"; VariantName = "[No Variations]"
Add component (AddParameter): Name = "MF"; Value = "Texas Instruments"; VariantName = "[No Variations]"
Add component (AddParameter): Name = "Mouser-Purchase-URL"; Value = "https://snapeda.com/shop?store=Mouser&id=350005"; VariantName = "[No Variations]"
Add component (AddParameter): Name = "MP"; Value = "TXB0102DCUR"; VariantName = "[No Variations]"
Add component (AddParameter): Name = "Package"; Value = "VSSOP-8 Texas Instruments"; VariantName = "[No Variations]"
Add component (AddParameter): Name = "SnapEDA_Link"; Value = "https://www.snapeda.com/parts/TXB0102DCUR/Texas%20Instruments/view-part/350005/?ref=snap"; VariantName = "[No Variations]"
Add component (AddParameter): Name = "Texas_Instruments-Purchase-URL"; Value = "https://snapeda.com/shop?store=Texas+Instruments&id=350005"; VariantName = "[No Variations]"
Add component (AddParameter): Name = "Value"; Value = ""; VariantName = "[No Variations]"
Added Component: Designator=Z?(DIODE ZENER SMD)
Added Component: Designator=Z?(DIODE ZENER SMD)
Added Pin To Net: NetName=GND Pin=*-0
Added Pin To Net: NetName=GND Pin=*-0
Added Pin To Net: NetName=GND Pin=*-0
Added Pin To Net: NetName=GND Pin=*-0
Added Pin To Net: NetName=GND Pin=*-1
Added Pin To Net: NetName=GND Pin=*-2
Added Pin To Net: NetName=GND Pin=*-2
Added Pin To Net: NetName=GND Pin=*-5
Added Pin To Net: NetName=GND Pin=*-10
Added Pin To Net: NetName=GND Pin=*-14
Added Pin To Net: NetName=GND Pin=*-20
Added Pin To Net: NetName=GND Pin=*-37
Added Pin To Net: NetName=GND Pin=*-40
Added Pin To Net: NetName=GND Pin=*-41
Added Pin To Net: NetName=GND Pin=*-43
Added Pin To Net: NetName=GND Pin=*-57
Added Pin To Net: NetName=GND Pin=*-58
Added Pin To Net: NetName=GND Pin=*-60
Added Pin To Net: NetName=GND Pin=*-61
Added Pin To Net: NetName=+3.3V Pin=*-62
Added Pin To Net: NetName=+3.3V Pin=*-63
Added Pin To Net: NetName=GND Pin=*-64
Added Pin To Net: NetName=GND Pin=*-65
Added Pin To Net: NetName=GND Pin=*-77
Added Pin To Net: NetName=GND Pin=*-78
Added Pin To Net: NetName=GND Pin=*-80
Added Pin To Net: NetName=GND Pin=*-81
Added Pin To Net: NetName=GND Pin=*?-0
Added Pin To Net: NetName=GND Pin=*?-0
Added Pin To Net: NetName=GND Pin=*?-0
Added Pin To Net: NetName=GND Pin=*?-0
Added Pin To Net: NetName=GND Pin=J?-4
Added Pin To Net: NetName=GND Pin=J?-5
Added Pin To Net: NetName=GND Pin=J?-C1
Added Pin To Net: NetName=GND Pin=J?-C5
Added Pin To Net: NetName=GND Pin=J?-SH
Added Pin To Net: NetName=GND Pin=J?-SH
Added Pin To Net: NetName=GND Pin=J?-SH
Added Pin To Net: NetName=GND Pin=J?-SH
Added Pin To Net: NetName=GND Pin=J?-SH
Added Pin To Net: NetName=GND Pin=J?-SH
Added Pin To Net: NetName=GND Pin=Q?-2
Added Pin To Net: NetName=GND Pin=Q?-2
Added Pin To Net: NetName=GND Pin=Q?-2
Added Pin To Net: NetName=+3.3V Pin=R?-1
Added Pin To Net: NetName=+5V Pin=R?-1
Added Pin To Net: NetName=BOOT1 Pin=R?-1
Added Pin To Net: NetName=GND Pin=R?-1
Added Pin To Net: NetName=GND Pin=R?-1
Added Pin To Net: NetName=GND Pin=R?-1
Added Pin To Net: NetName=GND Pin=R?-1
Added Pin To Net: NetName=GND Pin=R?-1
Added Pin To Net: NetName=GND Pin=R?-1
Added Pin To Net: NetName=NetC?_2 Pin=R?-1
Added Pin To Net: NetName=NetJ?_2 Pin=R?-1
Added Pin To Net: NetName=NetJ?_3 Pin=R?-1
Added Pin To Net: NetName=NetJP?_2 Pin=R?-1
Added Pin To Net: NetName=NetL?_1 Pin=R?-1
Added Pin To Net: NetName=NetR?_1 Pin=R?-1
Added Pin To Net: NetName=RESET Pin=R?-1
Added Pin To Net: NetName=+3.3V Pin=R?-2
Added Pin To Net: NetName=+3.3V Pin=R?-2
Added Pin To Net: NetName=+3.3V Pin=R?-2
Added Pin To Net: NetName=+3.3V Pin=R?-2
Added Pin To Net: NetName=+3.3V Pin=R?-2
Added Pin To Net: NetName=+3.3V Pin=R?-2
Added Pin To Net: NetName=GND Pin=R?-2
Added Pin To Net: NetName=NetJ?_A5 Pin=R?-2
Added Pin To Net: NetName=NetJ?_B5 Pin=R?-2
Added Pin To Net: NetName=NetJP?_5 Pin=R?-2
Added Pin To Net: NetName=NetR?_1 Pin=R?-2
Added Pin To Net: NetName=OSCOUT Pin=R?-2
Added Pin To Net: NetName=PA11 Pin=R?-2
Added Pin To Net: NetName=PA12 Pin=R?-2
Added Pin To Net: NetName=PA12 Pin=R?-2
Added Pin To Net: NetName=+3.3V Pin=U?-2
Added Pin To Net: NetName=NetR?_1 Pin=U?-4
Added Pin To Net: NetName=GND Pin=U?-6
Added Pin To Net: NetName=GND Pin=U?-6
Added Pin To Net: NetName=+12V Pin=U?-7
Added Pin To Net: NetName=+12V Pin=U?-7
Added Pin To Net: NetName=GND Pin=U?-7
Added Pin To Net: NetName=NetC?_1 Pin=U?-8
Added Pin To Net: NetName=GND Pin=Z?-1
Added Pin To Net: NetName=GND Pin=Z?-1
Added Pin To Net: NetName=1.8V Pin=*-15
Added Pin To Net: NetName=1.8V Pin=R?-1
Added Pin To Net: NetName=1.8V Pin=U?-3
Added Net: Name=1.8V
Added Pin To Net: NetName=Net*?_1 Pin=*-2
Added Pin To Net: NetName=Net*?_1 Pin=*-2
Added Pin To Net: NetName=Net*?_1 Pin=*?-1
Added Net: Name=Net*?_1
Added Pin To Net: NetName=Net*_1 Pin=*-1
Added Pin To Net: NetName=Net*_1 Pin=*-1
Added Pin To Net: NetName=Net*_1 Pin=R?-2
Added Net: Name=Net*_1
Added Pin To Net: NetName=Net*_4 Pin=*-4
Added Pin To Net: NetName=Net*_4 Pin=J?-C3
Added Pin To Net: NetName=Net*_4 Pin=R?-2
Added Net: Name=Net*_4
Added Pin To Net: NetName=Net*_5 Pin=*-5
Added Net: Name=Net*_5
Added Pin To Net: NetName=Net*_17 Pin=*-17
Added Pin To Net: NetName=Net*_17 Pin=R?-1
Added Net: Name=Net*_17
Added Pin To Net: NetName=Net*_18 Pin=*-18
Added Pin To Net: NetName=Net*_18 Pin=R?-1
Added Net: Name=Net*_18
Added Pin To Net: NetName=Net*_19 Pin=*-19
Added Pin To Net: NetName=Net*_19 Pin=R?-1
Added Net: Name=Net*_19
Added Pin To Net: NetName=Net*_38 Pin=*-38
Added Pin To Net: NetName=Net*_38 Pin=*-39
Added Net: Name=Net*_38
Added Pin To Net: NetName=Net*_59 Pin=*-59
Added Pin To Net: NetName=Net*_59 Pin=R?-1
Added Pin To Net: NetName=Net*_59 Pin=Z?-2
Added Net: Name=Net*_59
Added Pin To Net: NetName=Net*_79 Pin=*-79
Added Net: Name=Net*_79
Added Pin To Net: NetName=Net*_85 Pin=*-85
Added Pin To Net: NetName=Net*_85 Pin=R?-1
Added Net: Name=Net*_85
Added Pin To Net: NetName=NetJ?_C2 Pin=J?-C2
Added Pin To Net: NetName=NetJ?_C2 Pin=R?-2
Added Net: Name=NetJ?_C2
Added Pin To Net: NetName=NetL?_2 Pin=R?-2
Added Net: Name=NetL?_2
Added Pin To Net: NetName=NetLabel29 Pin=U?-1
Added Net: Name=NetLabel29
Added Pin To Net: NetName=NetLabel30 Pin=U?-8
Added Net: Name=NetLabel30
Added Pin To Net: NetName=NetQ?_1 Pin=Q?-1
Added Pin To Net: NetName=NetQ?_1 Pin=R?-1
Added Pin To Net: NetName=NetQ?_1 Pin=R?-2
Added Net: Name=NetQ?_1
Added Pin To Net: NetName=NetQ?_3 Pin=Q?-3
Added Pin To Net: NetName=NetQ?_3 Pin=R?-1
Added Net: Name=NetQ?_3
Added Pin To Net: NetName=NetR?_2 Pin=R?-2
Added Pin To Net: NetName=NetR?_2 Pin=U?-6
Added Net: Name=NetR?_2
Added Pin To Net: NetName=SIM-D+ Pin=*-13
Added Net: Name=SIM-D+
Added Pin To Net: NetName=SIM-D- Pin=*-12
Added Pin To Net: NetName=SIM-D- Pin=J?-2
Added Net: Name=SIM-D-
Added Pin To Net: NetName=SIM-LIGHT Pin=R?-2
Added Net: Name=SIM-LIGHT
Added Pin To Net: NetName=SIM-POW_ON Pin=Q?-3
Added Net: Name=SIM-POW_ON
Added Pin To Net: NetName=SIM-RST Pin=Q?-3
Added Net: Name=SIM-RST
Added Pin To Net: NetName=SIM-RX-1.8V Pin=*-68
Added Pin To Net: NetName=SIM-RX-1.8V Pin=U?-5
Added Net: Name=SIM-RX-1.8V
Added Pin To Net: NetName=SIM-STATUS Pin=*-49
Added Net: Name=SIM-STATUS
Added Pin To Net: NetName=SIM-TX-1.8V Pin=*-71
Added Net: Name=SIM-TX-1.8V
Added Pin To Net: NetName=sim-vbus Pin=*-11
Added Pin To Net: NetName=sim-vbus Pin=J?-1
Added Net: Name=sim-vbus
Added Member To Class: ClassName=Sheet1 Member=Component *? ANT
Added Member To Class: ClassName=Sheet1 Member=Component * TPD4E001
Added Member To Class: ClassName=Sheet1 Member=Component * IND-0805
Added Member To Class: ClassName=Sheet1 Member=Component * ANT
Added Member To Class: ClassName=Sheet1 Member=Component * SIM760x
Added Member To Class: ClassName=Sheet1 Member=Component J? USB
Added Member To Class: ClassName=Sheet1 Member=Component J? 78646-3001
Added Member To Class: ClassName=Sheet1 Member=Component J? TYPE-C-31-M-12
Added Member To Class: ClassName=Sheet1 Member=Component J? 93463-5206
Added Member To Class: ClassName=Sheet1 Member=Component JP? JP 2x3 2.54
Added Member To Class: ClassName=Sheet1 Member=Component Q? NPN-SOT23
Added Member To Class: ClassName=Sheet1 Member=Component Q? NPN-SOT23
Added Member To Class: ClassName=Sheet1 Member=Component Q? NPN-SOT23
Added Member To Class: ClassName=Sheet1 Member=Component R? 1k
Added Member To Class: ClassName=Sheet1 Member=Component R? 1k
Added Member To Class: ClassName=Sheet1 Member=Component R? 1k
Added Member To Class: ClassName=Sheet1 Member=Component R? 10k
Added Member To Class: ClassName=Sheet1 Member=Component R? 10k
Added Member To Class: ClassName=Sheet1 Member=Component R? 1k
Added Member To Class: ClassName=Sheet1 Member=Component R? R0805
Added Member To Class: ClassName=Sheet1 Member=Component R? 10k
Added Member To Class: ClassName=Sheet1 Member=Component R? 1k
Added Member To Class: ClassName=Sheet1 Member=Component R? 10k
Added Member To Class: ClassName=Sheet1 Member=Component R? 1k
Added Member To Class: ClassName=Sheet1 Member=Component R? 10k
Added Member To Class: ClassName=Sheet1 Member=Component R? 1k
Added Member To Class: ClassName=Sheet1 Member=Component R? 10k
Added Member To Class: ClassName=Sheet1 Member=Component R? 5.9k
Added Member To Class: ClassName=Sheet1 Member=Component R? 10k
Added Member To Class: ClassName=Sheet1 Member=Component R? 5.9k
Added Member To Class: ClassName=Sheet1 Member=Component R? 10k
Added Member To Class: ClassName=Sheet1 Member=Component R? 10k
Added Member To Class: ClassName=Sheet1 Member=Component R? 1k
Added Member To Class: ClassName=Sheet1 Member=Component R? 1k
Added Member To Class: ClassName=Sheet1 Member=Component R? R0805
Added Member To Class: ClassName=Sheet1 Member=Component R? 1k
Added Member To Class: ClassName=Sheet1 Member=Component R? 1k
Added Member To Class: ClassName=Sheet1 Member=Component R? 1k
Added Member To Class: ClassName=Sheet1 Member=Component R? 10k
Added Member To Class: ClassName=Sheet1 Member=Component R? 1k
Added Member To Class: ClassName=Sheet1 Member=Component R? 1k
Added Member To Class: ClassName=Sheet1 Member=Component R? 1k
Added Member To Class: ClassName=Sheet1 Member=Component R? 10k
Added Member To Class: ClassName=Sheet1 Member=Component R? 1k
Added Member To Class: ClassName=Sheet1 Member=Component U? MAX3232
Added Member To Class: ClassName=Sheet1 Member=Component U? ESP32-S3-WROOM-1-N4
Added Member To Class: ClassName=Sheet1 Member=Component U? STM32F103C8T6-LQFP48
Added Member To Class: ClassName=Sheet1 Member=Component U? TXB0102DCUR
Added Member To Class: ClassName=Sheet1 Member=Component u? tps5430-DIS
Added Member To Class: ClassName=Sheet1 Member=Component Z? Diode  Zener
Added Member To Class: ClassName=Sheet1 Member=Component Z? Diode  Zener
